*design* DebussyLib (btIdent Verdi_O-2018.09-SP2)
Command arguments:
    +define+verilog
    ../sim/CPU_top_tb.v
    ../source/ALU.v
    ../source/Control_unit.v
    ../source/CPU_top.v
    ../source/Data_MEM.v
    ../source/EX2MEM_reg.v
    ../source/ID2EX_reg.v
    ../source/IF2ID_reg.v
    ../source/Instruction_MEM.v
    ../source/MEM2WB_reg.v
    ../source/PC_next.v
    ../source/PC.v
    ../source/Register_MEM.v


*Error* `include file "Instruction_MEM.v" cannot be read
"../source/CPU_top.v", 3: 

*Error* `include file "ALU.v" cannot be read
"../source/CPU_top.v", 4: 

*Error* `include file "Control_unit.v" cannot be read
"../source/CPU_top.v", 5: 

*Error* `include file "Data_MEM.v" cannot be read
"../source/CPU_top.v", 6: 

*Error* `include file "PC.v" cannot be read
"../source/CPU_top.v", 7: 

*Error* `include file "PC_next.v" cannot be read
"../source/CPU_top.v", 8: 

*Error* `include file "Register_MEM.v" cannot be read
"../source/CPU_top.v", 9: 

*Error* `include file "IF2ID_reg.v" cannot be read
"../source/CPU_top.v", 10: 

*Error* `include file "ID2EX_reg.v" cannot be read
"../source/CPU_top.v", 11: 

*Error* `include file "EX2MEM_reg.v" cannot be read
"../source/CPU_top.v", 12: 

*Error* `include file "MEM2WB_reg.v" cannot be read
"../source/CPU_top.v", 13: 

*Error* `include file "Instruction_MEM.v" cannot be read
"../source/CPU_top.v", 3: 

*Error* `include file "ALU.v" cannot be read
"../source/CPU_top.v", 4: 

*Error* `include file "Control_unit.v" cannot be read
"../source/CPU_top.v", 5: 

*Error* `include file "Data_MEM.v" cannot be read
"../source/CPU_top.v", 6: 

*Error* `include file "PC.v" cannot be read
"../source/CPU_top.v", 7: 

*Error* `include file "PC_next.v" cannot be read
"../source/CPU_top.v", 8: 

*Error* `include file "Register_MEM.v" cannot be read
"../source/CPU_top.v", 9: 

*Error* `include file "IF2ID_reg.v" cannot be read
"../source/CPU_top.v", 10: 

*Error* `include file "ID2EX_reg.v" cannot be read
"../source/CPU_top.v", 11: 

*Error* `include file "EX2MEM_reg.v" cannot be read
"../source/CPU_top.v", 12: 

*Error* `include file "MEM2WB_reg.v" cannot be read
"../source/CPU_top.v", 13: 

*Error* Module CPU_top redefined
"../source/CPU_top.v", 15: 
Highest level modules:
CPU_top_tb

Total	23 error(s),   0 warning(s)
